<?xml version="1.0" encoding="UTF-8"?>
<!-- Generated by org.testng.reporters.JUnitReportReporter -->
<testsuite hostname="DESKTOP-FRFAA5L" failures="0" tests="1" name="RunnableClass.RunnableClass" time="20.144" errors="0" timestamp="2024-07-06T12:56:33 IST" skipped="0">
  <testcase classname="RunnableClass.RunnableClass" name="AlertboxTestCase" time="20.144"/>
</testsuite> <!-- RunnableClass.RunnableClass -->
